<?xml version="1.0" encoding="UTF-8"?>
<!-- Generated by org.testng.reporters.JUnitReportReporter -->
<testsuite skipped="0" hostname="DESKTOP-5O3KB1E" name="studentDetailsTest.JsonCompareTest" tests="1" failures="0" timestamp="02 May 2020 17:39:39 GMT" time="0.023" errors="0">
  <testcase name="comparejosn" time="0.023" classname="studentDetailsTest.JsonCompareTest"/>
</testsuite> <!-- studentDetailsTest.JsonCompareTest -->
