<?xml version="1.0" encoding="UTF-8"?>
<!-- Generated by org.testng.reporters.JUnitReportReporter -->
<testsuite skipped="0" hostname="DESKTOP-5O3KB1E" name="studentDetails.StudentDetailsPostTest" tests="1" failures="0" timestamp="19 Apr 2020 01:04:15 GMT" time="2.134" errors="0">
  <testcase name="studentDetailsPostverify" time="2.134" classname="studentDetails.StudentDetailsPostTest"/>
</testsuite> <!-- studentDetails.StudentDetailsPostTest -->
