<?xml version="1.0" encoding="UTF-8"?>
<!-- Generated by org.testng.reporters.JUnitReportReporter -->
<testsuite skipped="0" hostname="DESKTOP-5O3KB1E" name="studentDetailsTest.StudentDetailsPostExcelDataTest" tests="1" failures="0" timestamp="30 Apr 2020 15:38:51 GMT" time="4.029" errors="0">
  <testcase name="stDetailsPostExcelData" time="4.029" classname="studentDetailsTest.StudentDetailsPostExcelDataTest"/>
</testsuite> <!-- studentDetailsTest.StudentDetailsPostExcelDataTest -->
