<?xml version="1.0" encoding="UTF-8"?>
<!-- Generated by org.testng.reporters.JUnitReportReporter -->
<testsuite skipped="0" hostname="DESKTOP-5O3KB1E" name="studentDetails.StudentTests" tests="2" failures="0" timestamp="18 Apr 2020 21:35:24 GMT" time="4.909" errors="0">
  <testcase name="getStudentTest" time="1.014" classname="studentDetails.StudentTests"/>
  <testcase name="createStudentTest" time="3.895" classname="studentDetails.StudentTests"/>
</testsuite> <!-- studentDetails.StudentTests -->
