<?xml version="1.0" encoding="UTF-8"?>
<!-- Generated by org.testng.reporters.JUnitReportReporter -->
<testsuite skipped="0" hostname="DESKTOP-5O3KB1E" name="studentDetailsTest.StudentDetailsEndToEndTest" tests="1" failures="0" timestamp="22 Apr 2020 01:07:06 GMT" time="2.393" errors="0">
  <testcase name="studentdetailsEndToEndTest" time="2.393" classname="studentDetailsTest.StudentDetailsEndToEndTest"/>
</testsuite> <!-- studentDetailsTest.StudentDetailsEndToEndTest -->
