<?xml version="1.0" encoding="UTF-8"?>
<!-- Generated by org.testng.reporters.JUnitReportReporter -->
<testsuite skipped="0" hostname="DESKTOP-5O3KB1E" name="student.StudentTests" tests="2" failures="0" timestamp="11 Apr 2020 23:20:09 GMT" time="2.531" errors="0">
  <testcase name="createStudentTest" time="2.000" classname="student.StudentTests"/>
  <testcase name="getStudentTest" time="0.531" classname="student.StudentTests"/>
</testsuite> <!-- student.StudentTests -->
