<?xml version="1.0" encoding="UTF-8"?>
<!-- Generated by org.testng.reporters.JUnitReportReporter -->
<testsuite skipped="0" hostname="DESKTOP-5O3KB1E" name="studentDetailsTest.StudentDetailsPostTest" tests="1" failures="0" timestamp="02 May 2020 17:56:45 GMT" time="2.606" errors="0">
  <testcase name="studentDetailsPostverify" time="2.606" classname="studentDetailsTest.StudentDetailsPostTest"/>
</testsuite> <!-- studentDetailsTest.StudentDetailsPostTest -->
